This is pdfTeX, Version 3.14159265-2.6-1.40.19 (TeX Live 2019/dev/Debian) (preloaded format=pdflatex 2020.5.6)  19 NOV 2020 19:49
entering extended mode
 restricted \write18 enabled.
 %&-line parsing enabled.
**\nonstopmode\input talk.tex
(./talk.tex (/usr/share/texlive/texmf-dist/tex/latex/beamer/beamer.cls
Document Class: beamer 2018/12/02 v3.55 A class for typesetting presentations
(/usr/share/texlive/texmf-dist/tex/latex/beamer/beamerbasemodes.sty
(/usr/share/texlive/texmf-dist/tex/latex/etoolbox/etoolbox.sty
Package: etoolbox 2018/08/19 v2.5f e-TeX tools for LaTeX (JAW)
\etb@tempcnta=\count80
)
\beamer@tempbox=\box27
\beamer@tempcount=\count81
\c@beamerpauses=\count82

(/usr/share/texlive/texmf-dist/tex/latex/beamer/beamerbasedecode.sty
\beamer@slideinframe=\count83
\beamer@minimum=\count84
)
\beamer@commentbox=\box28
\beamer@modecount=\count85
)
(/usr/share/texlive/texmf-dist/tex/generic/oberdiek/ifpdf.sty
Package: ifpdf 2018/09/07 v3.3 Provides the ifpdf switch
)
\headdp=\dimen102
\footheight=\dimen103
\sidebarheight=\dimen104
\beamer@tempdim=\dimen105
\beamer@finalheight=\dimen106
\beamer@animht=\dimen107
\beamer@animdp=\dimen108
\beamer@animwd=\dimen109
\beamer@leftmargin=\dimen110
\beamer@rightmargin=\dimen111
\beamer@leftsidebar=\dimen112
\beamer@rightsidebar=\dimen113
\beamer@boxsize=\dimen114
\beamer@vboxoffset=\dimen115
\beamer@descdefault=\dimen116
\beamer@descriptionwidth=\dimen117
\beamer@lastskip=\skip41
\beamer@areabox=\box29
\beamer@animcurrent=\box30
\beamer@animshowbox=\box31
\beamer@sectionbox=\box32
\beamer@logobox=\box33
\beamer@linebox=\box34
\beamer@sectioncount=\count86
\beamer@subsubsectionmax=\count87
\beamer@subsectionmax=\count88
\beamer@sectionmax=\count89
\beamer@totalheads=\count90
\beamer@headcounter=\count91
\beamer@partstartpage=\count92
\beamer@sectionstartpage=\count93
\beamer@subsectionstartpage=\count94
\beamer@animationtempa=\count95
\beamer@animationtempb=\count96
\beamer@xpos=\count97
\beamer@ypos=\count98
\beamer@ypos@offset=\count99
\beamer@showpartnumber=\count100
\beamer@currentsubsection=\count101
\beamer@coveringdepth=\count102
\beamer@sectionadjust=\count103
\beamer@tocsectionnumber=\count104

(/usr/share/texlive/texmf-dist/tex/latex/beamer/beamerbaseoptions.sty
(/usr/share/texlive/texmf-dist/tex/latex/graphics/keyval.sty
Package: keyval 2014/10/28 v1.15 key=value parser (DPC)
\KV@toks@=\toks14
))
\beamer@paperwidth=\skip42
\beamer@paperheight=\skip43

(/usr/share/texlive/texmf-dist/tex/latex/geometry/geometry.sty
Package: geometry 2018/04/16 v5.8 Page Geometry

(/usr/share/texlive/texmf-dist/tex/generic/oberdiek/ifvtex.sty
Package: ifvtex 2016/05/16 v1.6 Detect VTeX and its facilities (HO)
Package ifvtex Info: VTeX not detected.
)
(/usr/share/texlive/texmf-dist/tex/generic/ifxetex/ifxetex.sty
Package: ifxetex 2010/09/12 v0.6 Provides ifxetex conditional
)
\Gm@cnth=\count105
\Gm@cntv=\count106
\c@Gm@tempcnt=\count107
\Gm@bindingoffset=\dimen118
\Gm@wd@mp=\dimen119
\Gm@odd@mp=\dimen120
\Gm@even@mp=\dimen121
\Gm@layoutwidth=\dimen122
\Gm@layoutheight=\dimen123
\Gm@layouthoffset=\dimen124
\Gm@layoutvoffset=\dimen125
\Gm@dimlist=\toks15
)
(/usr/share/texlive/texmf-dist/tex/latex/base/size11.clo
File: size11.clo 2018/09/03 v1.4i Standard LaTeX file (size option)
)
(/usr/share/texlive/texmf-dist/tex/latex/pgf/basiclayer/pgfcore.sty
(/usr/share/texlive/texmf-dist/tex/latex/graphics/graphicx.sty
Package: graphicx 2017/06/01 v1.1a Enhanced LaTeX Graphics (DPC,SPQR)

(/usr/share/texlive/texmf-dist/tex/latex/graphics/graphics.sty
Package: graphics 2017/06/25 v1.2c Standard LaTeX Graphics (DPC,SPQR)

(/usr/share/texlive/texmf-dist/tex/latex/graphics/trig.sty
Package: trig 2016/01/03 v1.10 sin cos tan (DPC)
)
(/usr/share/texlive/texmf-dist/tex/latex/graphics-cfg/graphics.cfg
File: graphics.cfg 2016/06/04 v1.11 sample graphics configuration
)
Package graphics Info: Driver file: pdftex.def on input line 99.

(/usr/share/texlive/texmf-dist/tex/latex/graphics-def/pdftex.def
File: pdftex.def 2018/01/08 v1.0l Graphics/color driver for pdftex
))
\Gin@req@height=\dimen126
\Gin@req@width=\dimen127
)
(/usr/share/texlive/texmf-dist/tex/latex/pgf/systemlayer/pgfsys.sty
(/usr/share/texlive/texmf-dist/tex/latex/pgf/utilities/pgfrcs.sty
(/usr/share/texlive/texmf-dist/tex/generic/pgf/utilities/pgfutil-common.tex
\pgfutil@everybye=\toks16
\pgfutil@tempdima=\dimen128
\pgfutil@tempdimb=\dimen129

(/usr/share/texlive/texmf-dist/tex/generic/pgf/utilities/pgfutil-common-lists.t
ex)) (/usr/share/texlive/texmf-dist/tex/generic/pgf/utilities/pgfutil-latex.def
\pgfutil@abb=\box35
(/usr/share/texlive/texmf-dist/tex/latex/ms/everyshi.sty
Package: everyshi 2001/05/15 v3.00 EveryShipout Package (MS)
))
(/usr/share/texlive/texmf-dist/tex/generic/pgf/utilities/pgfrcs.code.tex
(/usr/share/texlive/texmf-dist/tex/generic/pgf/pgf.revision.tex)
Package: pgfrcs 2019/02/02 v3.1.1 (3.1.1)
))
(/usr/share/texlive/texmf-dist/tex/generic/pgf/systemlayer/pgfsys.code.tex
Package: pgfsys 2019/02/02 v3.1.1 (3.1.1)

(/usr/share/texlive/texmf-dist/tex/generic/pgf/utilities/pgfkeys.code.tex
\pgfkeys@pathtoks=\toks17
\pgfkeys@temptoks=\toks18

(/usr/share/texlive/texmf-dist/tex/generic/pgf/utilities/pgfkeysfiltered.code.t
ex
\pgfkeys@tmptoks=\toks19
))
\pgf@x=\dimen130
\pgf@y=\dimen131
\pgf@xa=\dimen132
\pgf@ya=\dimen133
\pgf@xb=\dimen134
\pgf@yb=\dimen135
\pgf@xc=\dimen136
\pgf@yc=\dimen137
\w@pgf@writea=\write3
\r@pgf@reada=\read1
\c@pgf@counta=\count108
\c@pgf@countb=\count109
\c@pgf@countc=\count110
\c@pgf@countd=\count111
\t@pgf@toka=\toks20
\t@pgf@tokb=\toks21
\t@pgf@tokc=\toks22
\pgf@sys@id@count=\count112
 (/usr/share/texlive/texmf-dist/tex/generic/pgf/systemlayer/pgf.cfg
File: pgf.cfg 2019/02/02 v3.1.1 (3.1.1)
)
Driver file for pgf: pgfsys-pdftex.def

(/usr/share/texlive/texmf-dist/tex/generic/pgf/systemlayer/pgfsys-pdftex.def
File: pgfsys-pdftex.def 2019/02/02 v3.1.1 (3.1.1)

(/usr/share/texlive/texmf-dist/tex/generic/pgf/systemlayer/pgfsys-common-pdf.de
f
File: pgfsys-common-pdf.def 2019/02/02 v3.1.1 (3.1.1)
)))
(/usr/share/texlive/texmf-dist/tex/generic/pgf/systemlayer/pgfsyssoftpath.code.
tex
File: pgfsyssoftpath.code.tex 2019/02/02 v3.1.1 (3.1.1)
\pgfsyssoftpath@smallbuffer@items=\count113
\pgfsyssoftpath@bigbuffer@items=\count114
)
(/usr/share/texlive/texmf-dist/tex/generic/pgf/systemlayer/pgfsysprotocol.code.
tex
File: pgfsysprotocol.code.tex 2019/02/02 v3.1.1 (3.1.1)
)) (/usr/share/texlive/texmf-dist/tex/latex/xcolor/xcolor.sty
Package: xcolor 2016/05/11 v2.12 LaTeX color extensions (UK)

(/usr/share/texlive/texmf-dist/tex/latex/graphics-cfg/color.cfg
File: color.cfg 2016/01/02 v1.6 sample color configuration
)
Package xcolor Info: Driver file: pdftex.def on input line 225.
Package xcolor Info: Model `cmy' substituted by `cmy0' on input line 1348.
Package xcolor Info: Model `hsb' substituted by `rgb' on input line 1352.
Package xcolor Info: Model `RGB' extended on input line 1364.
Package xcolor Info: Model `HTML' substituted by `rgb' on input line 1366.
Package xcolor Info: Model `Hsb' substituted by `hsb' on input line 1367.
Package xcolor Info: Model `tHsb' substituted by `hsb' on input line 1368.
Package xcolor Info: Model `HSB' substituted by `hsb' on input line 1369.
Package xcolor Info: Model `Gray' substituted by `gray' on input line 1370.
Package xcolor Info: Model `wave' substituted by `hsb' on input line 1371.
)
(/usr/share/texlive/texmf-dist/tex/generic/pgf/basiclayer/pgfcore.code.tex
Package: pgfcore 2019/02/02 v3.1.1 (3.1.1)

(/usr/share/texlive/texmf-dist/tex/generic/pgf/math/pgfmath.code.tex
(/usr/share/texlive/texmf-dist/tex/generic/pgf/math/pgfmathcalc.code.tex
(/usr/share/texlive/texmf-dist/tex/generic/pgf/math/pgfmathutil.code.tex)
(/usr/share/texlive/texmf-dist/tex/generic/pgf/math/pgfmathparser.code.tex
\pgfmath@dimen=\dimen138
\pgfmath@count=\count115
\pgfmath@box=\box36
\pgfmath@toks=\toks23
\pgfmath@stack@operand=\toks24
\pgfmath@stack@operation=\toks25
)
(/usr/share/texlive/texmf-dist/tex/generic/pgf/math/pgfmathfunctions.code.tex
(/usr/share/texlive/texmf-dist/tex/generic/pgf/math/pgfmathfunctions.basic.code
.tex)
(/usr/share/texlive/texmf-dist/tex/generic/pgf/math/pgfmathfunctions.trigonomet
ric.code.tex)
(/usr/share/texlive/texmf-dist/tex/generic/pgf/math/pgfmathfunctions.random.cod
e.tex)
(/usr/share/texlive/texmf-dist/tex/generic/pgf/math/pgfmathfunctions.comparison
.code.tex)
(/usr/share/texlive/texmf-dist/tex/generic/pgf/math/pgfmathfunctions.base.code.
tex)
(/usr/share/texlive/texmf-dist/tex/generic/pgf/math/pgfmathfunctions.round.code
.tex)
(/usr/share/texlive/texmf-dist/tex/generic/pgf/math/pgfmathfunctions.misc.code.
tex)
(/usr/share/texlive/texmf-dist/tex/generic/pgf/math/pgfmathfunctions.integerari
thmetics.code.tex)))
(/usr/share/texlive/texmf-dist/tex/generic/pgf/math/pgfmathfloat.code.tex
\c@pgfmathroundto@lastzeros=\count116
))
(/usr/share/texlive/texmf-dist/tex/generic/pgf/basiclayer/pgfcorepoints.code.te
x
File: pgfcorepoints.code.tex 2019/02/02 v3.1.1 (3.1.1)
\pgf@picminx=\dimen139
\pgf@picmaxx=\dimen140
\pgf@picminy=\dimen141
\pgf@picmaxy=\dimen142
\pgf@pathminx=\dimen143
\pgf@pathmaxx=\dimen144
\pgf@pathminy=\dimen145
\pgf@pathmaxy=\dimen146
\pgf@xx=\dimen147
\pgf@xy=\dimen148
\pgf@yx=\dimen149
\pgf@yy=\dimen150
\pgf@zx=\dimen151
\pgf@zy=\dimen152
)
(/usr/share/texlive/texmf-dist/tex/generic/pgf/basiclayer/pgfcorepathconstruct.
code.tex
File: pgfcorepathconstruct.code.tex 2019/02/02 v3.1.1 (3.1.1)
\pgf@path@lastx=\dimen153
\pgf@path@lasty=\dimen154
)
(/usr/share/texlive/texmf-dist/tex/generic/pgf/basiclayer/pgfcorepathusage.code
.tex
File: pgfcorepathusage.code.tex 2019/02/02 v3.1.1 (3.1.1)
\pgf@shorten@end@additional=\dimen155
\pgf@shorten@start@additional=\dimen156
)
(/usr/share/texlive/texmf-dist/tex/generic/pgf/basiclayer/pgfcorescopes.code.te
x
File: pgfcorescopes.code.tex 2019/02/02 v3.1.1 (3.1.1)
\pgfpic=\box37
\pgf@hbox=\box38
\pgf@layerbox@main=\box39
\pgf@picture@serial@count=\count117
)
(/usr/share/texlive/texmf-dist/tex/generic/pgf/basiclayer/pgfcoregraphicstate.c
ode.tex
File: pgfcoregraphicstate.code.tex 2019/02/02 v3.1.1 (3.1.1)
\pgflinewidth=\dimen157
)
(/usr/share/texlive/texmf-dist/tex/generic/pgf/basiclayer/pgfcoretransformation
s.code.tex
File: pgfcoretransformations.code.tex 2019/02/02 v3.1.1 (3.1.1)
\pgf@pt@x=\dimen158
\pgf@pt@y=\dimen159
\pgf@pt@temp=\dimen160
)
(/usr/share/texlive/texmf-dist/tex/generic/pgf/basiclayer/pgfcorequick.code.tex
File: pgfcorequick.code.tex 2019/02/02 v3.1.1 (3.1.1)
)
(/usr/share/texlive/texmf-dist/tex/generic/pgf/basiclayer/pgfcoreobjects.code.t
ex
File: pgfcoreobjects.code.tex 2019/02/02 v3.1.1 (3.1.1)
)
(/usr/share/texlive/texmf-dist/tex/generic/pgf/basiclayer/pgfcorepathprocessing
.code.tex
File: pgfcorepathprocessing.code.tex 2019/02/02 v3.1.1 (3.1.1)
)
(/usr/share/texlive/texmf-dist/tex/generic/pgf/basiclayer/pgfcorearrows.code.te
x
File: pgfcorearrows.code.tex 2019/02/02 v3.1.1 (3.1.1)
\pgfarrowsep=\dimen161
)
(/usr/share/texlive/texmf-dist/tex/generic/pgf/basiclayer/pgfcoreshade.code.tex
File: pgfcoreshade.code.tex 2019/02/02 v3.1.1 (3.1.1)
\pgf@max=\dimen162
\pgf@sys@shading@range@num=\count118
)
(/usr/share/texlive/texmf-dist/tex/generic/pgf/basiclayer/pgfcoreimage.code.tex
File: pgfcoreimage.code.tex 2019/02/02 v3.1.1 (3.1.1)

(/usr/share/texlive/texmf-dist/tex/generic/pgf/basiclayer/pgfcoreexternal.code.
tex
File: pgfcoreexternal.code.tex 2019/02/02 v3.1.1 (3.1.1)
\pgfexternal@startupbox=\box40
))
(/usr/share/texlive/texmf-dist/tex/generic/pgf/basiclayer/pgfcorelayers.code.te
x
File: pgfcorelayers.code.tex 2019/02/02 v3.1.1 (3.1.1)
)
(/usr/share/texlive/texmf-dist/tex/generic/pgf/basiclayer/pgfcoretransparency.c
ode.tex
File: pgfcoretransparency.code.tex 2019/02/02 v3.1.1 (3.1.1)
)
(/usr/share/texlive/texmf-dist/tex/generic/pgf/basiclayer/pgfcorepatterns.code.
tex
File: pgfcorepatterns.code.tex 2019/02/02 v3.1.1 (3.1.1)
)
(/usr/share/texlive/texmf-dist/tex/generic/pgf/basiclayer/pgfcorerdf.code.tex
File: pgfcorerdf.code.tex 2019/02/02 v3.1.1 (3.1.1)
))) (/usr/share/texlive/texmf-dist/tex/latex/pgf/utilities/xxcolor.sty
Package: xxcolor 2003/10/24 ver 0.1
\XC@nummixins=\count119
\XC@countmixins=\count120
)
(/usr/share/texlive/texmf-dist/tex/generic/oberdiek/atbegshi.sty
Package: atbegshi 2016/06/09 v1.18 At begin shipout hook (HO)

(/usr/share/texlive/texmf-dist/tex/generic/oberdiek/infwarerr.sty
Package: infwarerr 2016/05/16 v1.4 Providing info/warning/error messages (HO)
)
(/usr/share/texlive/texmf-dist/tex/generic/oberdiek/ltxcmds.sty
Package: ltxcmds 2016/05/16 v1.23 LaTeX kernel commands for general use (HO)
))
(/usr/share/texlive/texmf-dist/tex/latex/hyperref/hyperref.sty
Package: hyperref 2018/11/30 v6.88e Hypertext links for LaTeX

(/usr/share/texlive/texmf-dist/tex/generic/oberdiek/hobsub-hyperref.sty
Package: hobsub-hyperref 2016/05/16 v1.14 Bundle oberdiek, subset hyperref (HO)


(/usr/share/texlive/texmf-dist/tex/generic/oberdiek/hobsub-generic.sty
Package: hobsub-generic 2016/05/16 v1.14 Bundle oberdiek, subset generic (HO)
Package: hobsub 2016/05/16 v1.14 Construct package bundles (HO)
Package hobsub Info: Skipping package `infwarerr' (already loaded).
Package hobsub Info: Skipping package `ltxcmds' (already loaded).
Package: ifluatex 2016/05/16 v1.4 Provides the ifluatex switch (HO)
Package ifluatex Info: LuaTeX not detected.
Package hobsub Info: Skipping package `ifvtex' (already loaded).
Package: intcalc 2016/05/16 v1.2 Expandable calculations with integers (HO)
Package hobsub Info: Skipping package `ifpdf' (already loaded).
Package: etexcmds 2016/05/16 v1.6 Avoid name clashes with e-TeX commands (HO)
Package: kvsetkeys 2016/05/16 v1.17 Key value parser (HO)
Package: kvdefinekeys 2016/05/16 v1.4 Define keys (HO)
Package: pdftexcmds 2018/09/10 v0.29 Utility functions of pdfTeX for LuaTeX (HO
)
Package pdftexcmds Info: LuaTeX not detected.
Package pdftexcmds Info: \pdf@primitive is available.
Package pdftexcmds Info: \pdf@ifprimitive is available.
Package pdftexcmds Info: \pdfdraftmode found.
Package: pdfescape 2016/05/16 v1.14 Implements pdfTeX's escape features (HO)
Package: bigintcalc 2016/05/16 v1.4 Expandable calculations on big integers (HO
)
Package: bitset 2016/05/16 v1.2 Handle bit-vector datatype (HO)
Package: uniquecounter 2016/05/16 v1.3 Provide unlimited unique counter (HO)
)
Package hobsub Info: Skipping package `hobsub' (already loaded).
Package: letltxmacro 2016/05/16 v1.5 Let assignment for LaTeX macros (HO)
Package: hopatch 2016/05/16 v1.3 Wrapper for package hooks (HO)
Package: xcolor-patch 2016/05/16 xcolor patch
Package: atveryend 2016/05/16 v1.9 Hooks at the very end of document (HO)
Package hobsub Info: Skipping package `atbegshi' (already loaded).
Package: refcount 2016/05/16 v3.5 Data extraction from label references (HO)
Package: hycolor 2016/05/16 v1.8 Color options for hyperref/bookmark (HO)
)
(/usr/share/texlive/texmf-dist/tex/latex/oberdiek/auxhook.sty
Package: auxhook 2016/05/16 v1.4 Hooks for auxiliary files (HO)
)
(/usr/share/texlive/texmf-dist/tex/latex/oberdiek/kvoptions.sty
Package: kvoptions 2016/05/16 v3.12 Key value format for package options (HO)
)
\@linkdim=\dimen163
\Hy@linkcounter=\count121
\Hy@pagecounter=\count122

(/usr/share/texlive/texmf-dist/tex/latex/hyperref/pd1enc.def
File: pd1enc.def 2018/11/30 v6.88e Hyperref: PDFDocEncoding definition (HO)
Now handling font encoding PD1 ...
... no UTF-8 mapping file for font encoding PD1
)
\Hy@SavedSpaceFactor=\count123

(/usr/share/texlive/texmf-dist/tex/latex/latexconfig/hyperref.cfg
File: hyperref.cfg 2002/06/06 v1.2 hyperref configuration of TeXLive
)
Package hyperref Info: Option `bookmarks' set `true' on input line 4393.
Package hyperref Info: Option `bookmarksopen' set `true' on input line 4393.
Package hyperref Info: Option `implicit' set `false' on input line 4393.
Package hyperref Info: Hyper figures OFF on input line 4519.
Package hyperref Info: Link nesting OFF on input line 4524.
Package hyperref Info: Hyper index ON on input line 4527.
Package hyperref Info: Plain pages OFF on input line 4534.
Package hyperref Info: Backreferencing OFF on input line 4539.
Package hyperref Info: Implicit mode OFF; no redefinition of LaTeX internals.
Package hyperref Info: Bookmarks ON on input line 4772.
\c@Hy@tempcnt=\count124

(/usr/share/texlive/texmf-dist/tex/latex/url/url.sty
\Urlmuskip=\muskip10
Package: url 2013/09/16  ver 3.4  Verb mode for urls, etc.
)
LaTeX Info: Redefining \url on input line 5125.
\XeTeXLinkMargin=\dimen164
\Fld@menulength=\count125
\Field@Width=\dimen165
\Fld@charsize=\dimen166
Package hyperref Info: Hyper figures OFF on input line 6380.
Package hyperref Info: Link nesting OFF on input line 6385.
Package hyperref Info: Hyper index ON on input line 6388.
Package hyperref Info: backreferencing OFF on input line 6395.
Package hyperref Info: Link coloring OFF on input line 6400.
Package hyperref Info: Link coloring with OCG OFF on input line 6405.
Package hyperref Info: PDF/A mode OFF on input line 6410.
LaTeX Info: Redefining \ref on input line 6450.
LaTeX Info: Redefining \pageref on input line 6454.
\Hy@abspage=\count126


Package hyperref Message: Stopped early.

)
Package hyperref Info: Driver (autodetected): hpdftex.
 (/usr/share/texlive/texmf-dist/tex/latex/hyperref/hpdftex.def
File: hpdftex.def 2018/11/30 v6.88e Hyperref driver for pdfTeX
\Fld@listcount=\count127
\c@bookmark@seq@number=\count128

(/usr/share/texlive/texmf-dist/tex/latex/oberdiek/rerunfilecheck.sty
Package: rerunfilecheck 2016/05/16 v1.8 Rerun checks for auxiliary files (HO)
Package uniquecounter Info: New unique counter `rerunfilecheck' on input line 2
82.
))
(/usr/share/texlive/texmf-dist/tex/latex/beamer/beamerbaserequires.sty
(/usr/share/texlive/texmf-dist/tex/latex/beamer/beamerbasecompatibility.sty)
(/usr/share/texlive/texmf-dist/tex/latex/beamer/beamerbasefont.sty
(/usr/share/texlive/texmf-dist/tex/latex/amsfonts/amssymb.sty
Package: amssymb 2013/01/14 v3.01 AMS font symbols

(/usr/share/texlive/texmf-dist/tex/latex/amsfonts/amsfonts.sty
Package: amsfonts 2013/01/14 v3.01 Basic AMSFonts support
\@emptytoks=\toks26
\symAMSa=\mathgroup4
\symAMSb=\mathgroup5
LaTeX Font Info:    Overwriting math alphabet `\mathfrak' in version `bold'
(Font)                  U/euf/m/n --> U/euf/b/n on input line 106.
))
(/usr/share/texlive/texmf-dist/tex/latex/sansmathaccent/sansmathaccent.sty
Package: sansmathaccent 2013/03/28

(/usr/share/texlive/texmf-dist/tex/latex/filehook/filehook.sty
Package: filehook 2011/10/12 v0.5d Hooks for input files
)))
(/usr/share/texlive/texmf-dist/tex/latex/beamer/beamerbasetranslator.sty
(/usr/share/texlive/texmf-dist/tex/latex/translator/translator.sty
Package: translator 2018/01/04 v1.12 Easy translation of strings in LaTeX
))
(/usr/share/texlive/texmf-dist/tex/latex/beamer/beamerbasemisc.sty)
(/usr/share/texlive/texmf-dist/tex/latex/beamer/beamerbasetwoscreens.sty)
(/usr/share/texlive/texmf-dist/tex/latex/beamer/beamerbaseoverlay.sty
\beamer@argscount=\count129
\beamer@lastskipcover=\skip44
\beamer@trivlistdepth=\count130
)
(/usr/share/texlive/texmf-dist/tex/latex/beamer/beamerbasetitle.sty)
(/usr/share/texlive/texmf-dist/tex/latex/beamer/beamerbasesection.sty
\c@lecture=\count131
\c@part=\count132
\c@section=\count133
\c@subsection=\count134
\c@subsubsection=\count135
)
(/usr/share/texlive/texmf-dist/tex/latex/beamer/beamerbaseframe.sty
\beamer@framebox=\box41
\beamer@frametitlebox=\box42
\beamer@zoombox=\box43
\beamer@zoomcount=\count136
\beamer@zoomframecount=\count137
\beamer@frametextheight=\dimen167
\c@subsectionslide=\count138
\beamer@frametopskip=\skip45
\beamer@framebottomskip=\skip46
\beamer@frametopskipautobreak=\skip47
\beamer@framebottomskipautobreak=\skip48
\beamer@envbody=\toks27
\framewidth=\dimen168
\c@framenumber=\count139
)
(/usr/share/texlive/texmf-dist/tex/latex/beamer/beamerbaseverbatim.sty
\beamer@verbatimfileout=\write4
)
(/usr/share/texlive/texmf-dist/tex/latex/beamer/beamerbaseframesize.sty
\beamer@splitbox=\box44
\beamer@autobreakcount=\count140
\beamer@autobreaklastheight=\dimen169
\beamer@frametitletoks=\toks28
\beamer@framesubtitletoks=\toks29
)
(/usr/share/texlive/texmf-dist/tex/latex/beamer/beamerbaseframecomponents.sty
\beamer@footins=\box45
)
(/usr/share/texlive/texmf-dist/tex/latex/beamer/beamerbasecolor.sty)
(/usr/share/texlive/texmf-dist/tex/latex/beamer/beamerbasenotes.sty
\beamer@frameboxcopy=\box46
)
(/usr/share/texlive/texmf-dist/tex/latex/beamer/beamerbasetoc.sty)
(/usr/share/texlive/texmf-dist/tex/latex/beamer/beamerbasetemplates.sty
\beamer@sbttoks=\toks30

(/usr/share/texlive/texmf-dist/tex/latex/beamer/beamerbaseauxtemplates.sty
(/usr/share/texlive/texmf-dist/tex/latex/beamer/beamerbaseboxes.sty
\bmb@box=\box47
\bmb@colorbox=\box48
\bmb@boxshadow=\box49
\bmb@boxshadowball=\box50
\bmb@boxshadowballlarge=\box51
\bmb@temp=\dimen170
\bmb@dima=\dimen171
\bmb@dimb=\dimen172
\bmb@prevheight=\dimen173
)
\beamer@blockheadheight=\dimen174
))
(/usr/share/texlive/texmf-dist/tex/latex/beamer/beamerbaselocalstructure.sty
(/usr/share/texlive/texmf-dist/tex/latex/tools/enumerate.sty
Package: enumerate 2015/07/23 v3.00 enumerate extensions (DPC)
\@enLab=\toks31
)
\c@figure=\count141
\c@table=\count142
\abovecaptionskip=\skip49
\belowcaptionskip=\skip50
)
(/usr/share/texlive/texmf-dist/tex/latex/beamer/beamerbasenavigation.sty
\beamer@section@min@dim=\dimen175
)
(/usr/share/texlive/texmf-dist/tex/latex/beamer/beamerbasetheorems.sty
(/usr/share/texlive/texmf-dist/tex/latex/amsmath/amsmath.sty
Package: amsmath 2018/12/01 v2.17b AMS math features
\@mathmargin=\skip51

For additional information on amsmath, use the `?' option.
(/usr/share/texlive/texmf-dist/tex/latex/amsmath/amstext.sty
Package: amstext 2000/06/29 v2.01 AMS text

(/usr/share/texlive/texmf-dist/tex/latex/amsmath/amsgen.sty
File: amsgen.sty 1999/11/30 v2.0 generic functions
\@emptytoks=\toks32
\ex@=\dimen176
))
(/usr/share/texlive/texmf-dist/tex/latex/amsmath/amsbsy.sty
Package: amsbsy 1999/11/29 v1.2d Bold Symbols
\pmbraise@=\dimen177
)
(/usr/share/texlive/texmf-dist/tex/latex/amsmath/amsopn.sty
Package: amsopn 2016/03/08 v2.02 operator names
)
\inf@bad=\count143
LaTeX Info: Redefining \frac on input line 223.
\uproot@=\count144
\leftroot@=\count145
LaTeX Info: Redefining \overline on input line 385.
\classnum@=\count146
\DOTSCASE@=\count147
LaTeX Info: Redefining \ldots on input line 482.
LaTeX Info: Redefining \dots on input line 485.
LaTeX Info: Redefining \cdots on input line 606.
\Mathstrutbox@=\box52
\strutbox@=\box53
\big@size=\dimen178
LaTeX Font Info:    Redeclaring font encoding OML on input line 729.
LaTeX Font Info:    Redeclaring font encoding OMS on input line 730.
\macc@depth=\count148
\c@MaxMatrixCols=\count149
\dotsspace@=\muskip11
\c@parentequation=\count150
\dspbrk@lvl=\count151
\tag@help=\toks33
\row@=\count152
\column@=\count153
\maxfields@=\count154
\andhelp@=\toks34
\eqnshift@=\dimen179
\alignsep@=\dimen180
\tagshift@=\dimen181
\tagwidth@=\dimen182
\totwidth@=\dimen183
\lineht@=\dimen184
\@envbody=\toks35
\multlinegap=\skip52
\multlinetaggap=\skip53
\mathdisplay@stack=\toks36
LaTeX Info: Redefining \[ on input line 2844.
LaTeX Info: Redefining \] on input line 2845.
)
(/usr/share/texlive/texmf-dist/tex/latex/amscls/amsthm.sty
Package: amsthm 2017/10/31 v2.20.4
\thm@style=\toks37
\thm@bodyfont=\toks38
\thm@headfont=\toks39
\thm@notefont=\toks40
\thm@headpunct=\toks41
\thm@preskip=\skip54
\thm@postskip=\skip55
\thm@headsep=\skip56
\dth@everypar=\toks42
)
\c@theorem=\count155
)
(/usr/share/texlive/texmf-dist/tex/latex/beamer/beamerbasethemes.sty))
(/usr/share/texlive/texmf-dist/tex/latex/beamer/beamerthemedefault.sty
(/usr/share/texlive/texmf-dist/tex/latex/beamer/beamerfontthemedefault.sty)
(/usr/share/texlive/texmf-dist/tex/latex/beamer/beamercolorthemedefault.sty)
(/usr/share/texlive/texmf-dist/tex/latex/beamer/beamerinnerthemedefault.sty
\beamer@dima=\dimen185
\beamer@dimb=\dimen186
)
(/usr/share/texlive/texmf-dist/tex/latex/beamer/beamerouterthemedefault.sty)))
(/usr/share/texlive/texmf-dist/tex/latex/beamer/beamerthemePittsburgh.sty
(/usr/share/texlive/texmf-dist/tex/latex/beamer/beamerinnerthemecircles.sty))
(/usr/share/texlive/texmf-dist/tex/latex/beamer/beamercolorthemespruce.sty)
(/usr/share/texlive/texmf-dist/tex/latex/beamer/beamerfontthemestructurebold.st
y) (/usr/share/texlive/texmf-dist/tex/latex/pgf/frontendlayer/tikz.sty
(/usr/share/texlive/texmf-dist/tex/latex/pgf/basiclayer/pgf.sty
Package: pgf 2019/02/02 v3.1.1 (3.1.1)

(/usr/share/texlive/texmf-dist/tex/generic/pgf/modules/pgfmoduleshapes.code.tex
File: pgfmoduleshapes.code.tex 2019/02/02 v3.1.1 (3.1.1)
\pgfnodeparttextbox=\box54
) (/usr/share/texlive/texmf-dist/tex/generic/pgf/modules/pgfmoduleplot.code.tex
File: pgfmoduleplot.code.tex 2019/02/02 v3.1.1 (3.1.1)
)
(/usr/share/texlive/texmf-dist/tex/latex/pgf/compatibility/pgfcomp-version-0-65
.sty
Package: pgfcomp-version-0-65 2019/02/02 v3.1.1 (3.1.1)
\pgf@nodesepstart=\dimen187
\pgf@nodesepend=\dimen188
)
(/usr/share/texlive/texmf-dist/tex/latex/pgf/compatibility/pgfcomp-version-1-18
.sty
Package: pgfcomp-version-1-18 2019/02/02 v3.1.1 (3.1.1)
)) (/usr/share/texlive/texmf-dist/tex/latex/pgf/utilities/pgffor.sty
(/usr/share/texlive/texmf-dist/tex/latex/pgf/utilities/pgfkeys.sty
(/usr/share/texlive/texmf-dist/tex/generic/pgf/utilities/pgfkeys.code.tex))
(/usr/share/texlive/texmf-dist/tex/latex/pgf/math/pgfmath.sty
(/usr/share/texlive/texmf-dist/tex/generic/pgf/math/pgfmath.code.tex))
(/usr/share/texlive/texmf-dist/tex/generic/pgf/utilities/pgffor.code.tex
Package: pgffor 2019/02/02 v3.1.1 (3.1.1)

(/usr/share/texlive/texmf-dist/tex/generic/pgf/math/pgfmath.code.tex)
\pgffor@iter=\dimen189
\pgffor@skip=\dimen190
\pgffor@stack=\toks43
\pgffor@toks=\toks44
))
(/usr/share/texlive/texmf-dist/tex/generic/pgf/frontendlayer/tikz/tikz.code.tex
Package: tikz 2019/02/02 v3.1.1 (3.1.1)

(/usr/share/texlive/texmf-dist/tex/generic/pgf/libraries/pgflibraryplothandlers
.code.tex
File: pgflibraryplothandlers.code.tex 2019/02/02 v3.1.1 (3.1.1)
\pgf@plot@mark@count=\count156
\pgfplotmarksize=\dimen191
)
\tikz@lastx=\dimen192
\tikz@lasty=\dimen193
\tikz@lastxsaved=\dimen194
\tikz@lastysaved=\dimen195
\tikzleveldistance=\dimen196
\tikzsiblingdistance=\dimen197
\tikz@figbox=\box55
\tikz@figbox@bg=\box56
\tikz@tempbox=\box57
\tikz@tempbox@bg=\box58
\tikztreelevel=\count157
\tikznumberofchildren=\count158
\tikznumberofcurrentchild=\count159
\tikz@fig@count=\count160

(/usr/share/texlive/texmf-dist/tex/generic/pgf/modules/pgfmodulematrix.code.tex
File: pgfmodulematrix.code.tex 2019/02/02 v3.1.1 (3.1.1)
\pgfmatrixcurrentrow=\count161
\pgfmatrixcurrentcolumn=\count162
\pgf@matrix@numberofcolumns=\count163
)
\tikz@expandcount=\count164

(/usr/share/texlive/texmf-dist/tex/generic/pgf/frontendlayer/tikz/libraries/tik
zlibrarytopaths.code.tex
File: tikzlibrarytopaths.code.tex 2019/02/02 v3.1.1 (3.1.1)
)))
(/usr/share/texlive/texmf-dist/tex/latex/cite/cite.sty
LaTeX Info: Redefining \cite on input line 302.
LaTeX Info: Redefining \nocite on input line 332.
Package: cite 2015/02/27  v 5.5
)
(/usr/share/texlive/texmf-dist/tex/latex/pgf/utilities/pgfpages.sty
Package: pgfpages 2011/01/05 ver 0.02

(/usr/share/texlive/texmf-dist/tex/latex/tools/calc.sty
Package: calc 2017/05/25 v4.3 Infix arithmetic (KKT,FJ)
\calc@Acount=\count165
\calc@Bcount=\count166
\calc@Adimen=\dimen198
\calc@Bdimen=\dimen199
\calc@Askip=\skip57
\calc@Bskip=\skip58
LaTeX Info: Redefining \setlength on input line 80.
LaTeX Info: Redefining \addtolength on input line 81.
\calc@Ccount=\count167
\calc@Cskip=\skip59
)
\pgf@logicalpages=\count168
\pgf@firstshipout=\count169
\pgf@lastshipout=\count170
\pgf@currentshipout=\count171
\pgf@cpn=\count172
\pgf@shipoutnextto=\count173
\pgfphysicalheight=\dimen256
\pgfphysicalwidth=\dimen257
\pgfpages@shipoutbox=\box59
) (./.mk.out
No auxiliary output files.

) (./talk.aux)
LaTeX Font Info:    Checking defaults for OML/cmm/m/it on input line 23.
LaTeX Font Info:    ... okay on input line 23.
LaTeX Font Info:    Checking defaults for T1/cmr/m/n on input line 23.
LaTeX Font Info:    ... okay on input line 23.
LaTeX Font Info:    Checking defaults for OT1/cmr/m/n on input line 23.
LaTeX Font Info:    ... okay on input line 23.
LaTeX Font Info:    Checking defaults for OMS/cmsy/m/n on input line 23.
LaTeX Font Info:    ... okay on input line 23.
LaTeX Font Info:    Checking defaults for OMX/cmex/m/n on input line 23.
LaTeX Font Info:    ... okay on input line 23.
LaTeX Font Info:    Checking defaults for U/cmr/m/n on input line 23.
LaTeX Font Info:    ... okay on input line 23.
LaTeX Font Info:    Checking defaults for PD1/pdf/m/n on input line 23.
LaTeX Font Info:    ... okay on input line 23.

*geometry* driver: auto-detecting
*geometry* detected driver: pdftex
*geometry* verbose mode - [ preamble ] result:
* driver: pdftex
* paper: custom
* layout: <same size as paper>
* layoutoffset:(h,v)=(0.0pt,0.0pt)
* modes: includehead includefoot 
* h-part:(L,W,R)=(28.45274pt, 398.3386pt, 28.45274pt)
* v-part:(T,H,B)=(0.0pt, 256.0748pt, 0.0pt)
* \paperwidth=455.24408pt
* \paperheight=256.0748pt
* \textwidth=398.3386pt
* \textheight=227.62207pt
* \oddsidemargin=-43.81725pt
* \evensidemargin=-43.81725pt
* \topmargin=-72.26999pt
* \headheight=14.22636pt
* \headsep=0.0pt
* \topskip=11.0pt
* \footskip=14.22636pt
* \marginparwidth=4.0pt
* \marginparsep=10.0pt
* \columnsep=10.0pt
* \skip\footins=10.0pt plus 4.0pt minus 2.0pt
* \hoffset=0.0pt
* \voffset=0.0pt
* \mag=1000
* \@twocolumnfalse
* \@twosidefalse
* \@mparswitchfalse
* \@reversemarginfalse
* (1in=72.27pt=25.4mm, 1cm=28.453pt)

(/usr/share/texlive/texmf-dist/tex/context/base/mkii/supp-pdf.mkii
[Loading MPS to PDF converter (version 2006.09.02).]
\scratchcounter=\count174
\scratchdimen=\dimen258
\scratchbox=\box60
\nofMPsegments=\count175
\nofMParguments=\count176
\everyMPshowfont=\toks45
\MPscratchCnt=\count177
\MPscratchDim=\dimen259
\MPnumerator=\count178
\makeMPintoPDFobject=\count179
\everyMPtoPDFconversion=\toks46
) (/usr/share/texlive/texmf-dist/tex/latex/oberdiek/epstopdf-base.sty
Package: epstopdf-base 2016/05/15 v2.6 Base part for package epstopdf

(/usr/share/texlive/texmf-dist/tex/latex/oberdiek/grfext.sty
Package: grfext 2016/05/16 v1.2 Manage graphics extensions (HO)
)
Package epstopdf-base Info: Redefining graphics rule for `.eps' on input line 4
38.
Package grfext Info: Graphics extension search list:
(grfext)             [.pdf,.png,.jpg,.mps,.jpeg,.jbig2,.jb2,.PDF,.PNG,.JPG,.JPE
G,.JBIG2,.JB2,.eps]
(grfext)             \AppendGraphicsExtensions on input line 456.

(/usr/share/texlive/texmf-dist/tex/latex/latexconfig/epstopdf-sys.cfg
File: epstopdf-sys.cfg 2010/07/13 v1.3 Configuration of (r)epstopdf for TeX Liv
e
))
ABD: EveryShipout initializing macros
\AtBeginShipoutBox=\box61
Package hyperref Info: Link coloring OFF on input line 23.

(/usr/share/texlive/texmf-dist/tex/latex/hyperref/nameref.sty
Package: nameref 2016/05/21 v2.44 Cross-referencing by name of section

(/usr/share/texlive/texmf-dist/tex/generic/oberdiek/gettitlestring.sty
Package: gettitlestring 2016/05/16 v1.5 Cleanup title references (HO)
)
\c@section@level=\count180
)
LaTeX Info: Redefining \ref on input line 23.
LaTeX Info: Redefining \pageref on input line 23.
LaTeX Info: Redefining \nameref on input line 23.

(./talk.out) (./talk.out)
LaTeX Font Info:    Overwriting symbol font `operators' in version `normal'
(Font)                  OT1/cmr/m/n --> OT1/cmss/m/n on input line 23.
LaTeX Font Info:    Overwriting symbol font `operators' in version `bold'
(Font)                  OT1/cmr/bx/n --> OT1/cmss/bx/n on input line 23.
\symnumbers=\mathgroup6
\sympureletters=\mathgroup7
LaTeX Font Info:    Overwriting math alphabet `\mathrm' in version `normal'
(Font)                  OT1/cmss/m/n --> OT1/cmr/m/n on input line 23.
LaTeX Font Info:    Redeclaring math alphabet \mathbf on input line 23.
LaTeX Font Info:    Overwriting math alphabet `\mathbf' in version `normal'
(Font)                  OT1/cmr/bx/n --> OT1/cmss/bx/n on input line 23.
LaTeX Font Info:    Overwriting math alphabet `\mathbf' in version `bold'
(Font)                  OT1/cmr/bx/n --> OT1/cmss/bx/n on input line 23.
LaTeX Font Info:    Redeclaring math alphabet \mathsf on input line 23.
LaTeX Font Info:    Overwriting math alphabet `\mathsf' in version `normal'
(Font)                  OT1/cmss/m/n --> OT1/cmss/m/n on input line 23.
LaTeX Font Info:    Overwriting math alphabet `\mathsf' in version `bold'
(Font)                  OT1/cmss/bx/n --> OT1/cmss/m/n on input line 23.
LaTeX Font Info:    Redeclaring math alphabet \mathit on input line 23.
LaTeX Font Info:    Overwriting math alphabet `\mathit' in version `normal'
(Font)                  OT1/cmr/m/it --> OT1/cmss/m/it on input line 23.
LaTeX Font Info:    Overwriting math alphabet `\mathit' in version `bold'
(Font)                  OT1/cmr/bx/it --> OT1/cmss/m/it on input line 23.
LaTeX Font Info:    Redeclaring math alphabet \mathtt on input line 23.
LaTeX Font Info:    Overwriting math alphabet `\mathtt' in version `normal'
(Font)                  OT1/cmtt/m/n --> OT1/cmtt/m/n on input line 23.
LaTeX Font Info:    Overwriting math alphabet `\mathtt' in version `bold'
(Font)                  OT1/cmtt/m/n --> OT1/cmtt/m/n on input line 23.
LaTeX Font Info:    Overwriting symbol font `numbers' in version `bold'
(Font)                  OT1/cmss/m/n --> OT1/cmss/bx/n on input line 23.
LaTeX Font Info:    Overwriting symbol font `pureletters' in version `bold'
(Font)                  OT1/cmss/m/it --> OT1/cmss/bx/it on input line 23.
LaTeX Font Info:    Overwriting math alphabet `\mathrm' in version `bold'
(Font)                  OT1/cmss/bx/n --> OT1/cmr/bx/n on input line 23.
LaTeX Font Info:    Overwriting math alphabet `\mathbf' in version `bold'
(Font)                  OT1/cmss/bx/n --> OT1/cmss/bx/n on input line 23.
LaTeX Font Info:    Overwriting math alphabet `\mathsf' in version `bold'
(Font)                  OT1/cmss/m/n --> OT1/cmss/bx/n on input line 23.
LaTeX Font Info:    Overwriting math alphabet `\mathit' in version `bold'
(Font)                  OT1/cmss/m/it --> OT1/cmss/bx/it on input line 23.
LaTeX Font Info:    Overwriting math alphabet `\mathtt' in version `bold'
(Font)                  OT1/cmtt/m/n --> OT1/cmtt/bx/n on input line 23.
LaTeX Font Info:    Redeclaring symbol font `pureletters' on input line 23.
LaTeX Font Info:    Overwriting symbol font `pureletters' in version `normal'
(Font)                  OT1/cmss/m/it --> OT1/mathkerncmss/m/sl on input line 2
3.
LaTeX Font Info:    Overwriting symbol font `pureletters' in version `bold'
(Font)                  OT1/cmss/bx/it --> OT1/mathkerncmss/m/sl on input line 
23.
LaTeX Font Info:    Overwriting symbol font `pureletters' in version `bold'
(Font)                  OT1/mathkerncmss/m/sl --> OT1/mathkerncmss/bx/sl on inp
ut line 23.

(/usr/share/texlive/texmf-dist/tex/latex/translator/translator-basic-dictionary
-English.dict
Dictionary: translator-basic-dictionary, Language: English 
)
(/usr/share/texlive/texmf-dist/tex/latex/translator/translator-bibliography-dic
tionary-English.dict
Dictionary: translator-bibliography-dictionary, Language: English 
)
(/usr/share/texlive/texmf-dist/tex/latex/translator/translator-environment-dict
ionary-English.dict
Dictionary: translator-environment-dictionary, Language: English 
)
(/usr/share/texlive/texmf-dist/tex/latex/translator/translator-months-dictionar
y-English.dict
Dictionary: translator-months-dictionary, Language: English 
)
(/usr/share/texlive/texmf-dist/tex/latex/translator/translator-numbers-dictiona
ry-English.dict
Dictionary: translator-numbers-dictionary, Language: English 
)
(/usr/share/texlive/texmf-dist/tex/latex/translator/translator-theorem-dictiona
ry-English.dict
Dictionary: translator-theorem-dictionary, Language: English 
) (./talk.nav)
LaTeX Font Info:    Try loading font information for U+msa on input line 39.

(/usr/share/texlive/texmf-dist/tex/latex/amsfonts/umsa.fd
File: umsa.fd 2013/01/14 v3.01 AMS symbols A
)
LaTeX Font Info:    Try loading font information for U+msb on input line 39.

(/usr/share/texlive/texmf-dist/tex/latex/amsfonts/umsb.fd
File: umsb.fd 2013/01/14 v3.01 AMS symbols B
)
LaTeX Font Info:    Try loading font information for OT1+mathkerncmss on input 
line 39.

(/usr/share/texlive/texmf-dist/tex/latex/sansmathaccent/ot1mathkerncmss.fd
File: ot1mathkerncmss.fd 2013/03/27 Fontinst v1.933 font definitions for OT1/ma
thkerncmss.
)
[1
runsystem(./make_talk.sh )...disabled (restricted).





{/var/lib/texmf/fonts/map/pdftex/updmap/pdftex.map}]
<images/forest_aerial.jpg, id=50, 2569.6pt x 1927.2pt>
File: images/forest_aerial.jpg Graphic file (type jpg)
<use images/forest_aerial.jpg>
Package pdftex.def Info: images/forest_aerial.jpg  used on input line 54.
(pdftex.def)             Requested size: 455.24408pt x 341.41139pt.
File: images/forest_aerial.jpg Graphic file (type jpg)
<use images/forest_aerial.jpg>
Package pdftex.def Info: images/forest_aerial.jpg  used on input line 71.
(pdftex.def)             Requested size: 455.24408pt x 341.41139pt.
<images/forest_biodiversity.jpg, id=51, 1344.02126pt x 1929.2075pt>
File: images/forest_biodiversity.jpg Graphic file (type jpg)
<use images/forest_biodiversity.jpg>
Package pdftex.def Info: images/forest_biodiversity.jpg  used on input line 71.

(pdftex.def)             Requested size: 178.39984pt x 256.0748pt.
File: images/forest_aerial.jpg Graphic file (type jpg)
<use images/forest_aerial.jpg>
Package pdftex.def Info: images/forest_aerial.jpg  used on input line 88.
(pdftex.def)             Requested size: 455.24408pt x 341.41139pt.
<images/soil_sability.jpg, id=52, 290.08376pt x 394.47375pt>
File: images/soil_sability.jpg Graphic file (type jpg)
<use images/soil_sability.jpg>
Package pdftex.def Info: images/soil_sability.jpg  used on input line 88.
(pdftex.def)             Requested size: 188.30875pt x 256.0748pt.
File: images/forest_aerial.jpg Graphic file (type jpg)
<use images/forest_aerial.jpg>
Package pdftex.def Info: images/forest_aerial.jpg  used on input line 106.
(pdftex.def)             Requested size: 455.24408pt x 341.41139pt.
<images/glass-of-water.jpg, id=53, 1001.7425pt x 1599.9775pt>
File: images/glass-of-water.jpg Graphic file (type jpg)
<use images/glass-of-water.jpg>
Package pdftex.def Info: images/glass-of-water.jpg  used on input line 106.
(pdftex.def)             Requested size: 160.32793pt x 256.0748pt.
File: images/forest_aerial.jpg Graphic file (type jpg)
<use images/forest_aerial.jpg>
Package pdftex.def Info: images/forest_aerial.jpg  used on input line 124.
(pdftex.def)             Requested size: 455.24408pt x 341.41139pt.
<images/carbon.jpg, id=54, 308.15125pt x 450.68375pt>
File: images/carbon.jpg Graphic file (type jpg)
<use images/carbon.jpg>
Package pdftex.def Info: images/carbon.jpg  used on input line 124.
(pdftex.def)             Requested size: 175.09789pt x 256.0748pt.
<images/satellite-view-of-earth-at-night.jpg, id=55, 2509.375pt x 1254.6875pt>
File: images/satellite-view-of-earth-at-night.jpg Graphic file (type jpg)
<use images/satellite-view-of-earth-at-night.jpg>
Package pdftex.def Info: images/satellite-view-of-earth-at-night.jpg  used on i
nput line 139.
(pdftex.def)             Requested size: 512.12782pt x 256.0748pt.
 [2






















 <./images/satellite-view-of-earth-at-night.jpg>]
<images/anthromes.png, id=64, 1371.1225pt x 770.88pt>
File: images/anthromes.png Graphic file (type png)
<use images/anthromes.png>
Package pdftex.def Info: images/anthromes.png  used on input line 159.
(pdftex.def)             Requested size: 342.77979pt x 192.71953pt.
 [3




 <./images/anthromes.png>]
<images/Global-land-use-graphic-800x506.png, id=73, 803.0pt x 451.6875pt>
File: images/Global-land-use-graphic-800x506.png Graphic file (type png)
<use images/Global-land-use-graphic-800x506.png>
Package pdftex.def Info: images/Global-land-use-graphic-800x506.png  used on in
put line 174.
(pdftex.def)             Requested size: 200.74951pt x 112.92159pt.
 [4




 <./images/Global-land-use-graphic-800x506.png>]
<images/how-america-uses-its-land.png, id=84, 1371.1225pt x 770.88pt>
File: images/how-america-uses-its-land.png Graphic file (type png)
<use images/how-america-uses-its-land.png>
Package pdftex.def Info: images/how-america-uses-its-land.png  used on input li
ne 189.
(pdftex.def)             Requested size: 455.24408pt x 255.94386pt.
 [5




 <./images/how-america-uses-its-land.png>]
<images/forest-cut.jpg, id=93, 2063.71pt x 1419.3025pt>
File: images/forest-cut.jpg Graphic file (type jpg)
<use images/forest-cut.jpg>
Package pdftex.def Info: images/forest-cut.jpg  used on input line 205.
(pdftex.def)             Requested size: 455.24408pt x 313.09213pt.
<images/sawn-logs.jpg, id=94, 1425.325pt x 801.99625pt>
File: images/sawn-logs.jpg Graphic file (type jpg)
<use images/sawn-logs.jpg>
Package pdftex.def Info: images/sawn-logs.jpg  used on input line 218.
(pdftex.def)             Requested size: 455.24408pt x 256.15454pt.
<images/shipping-ship.jpg, id=95, 1505.625pt x 846.16125pt>
File: images/shipping-ship.jpg Graphic file (type jpg)
<use images/shipping-ship.jpg>
Package pdftex.def Info: images/shipping-ship.jpg  used on input line 236.
(pdftex.def)             Requested size: 455.24408pt x 255.8516pt.
<images/ice_core.jpg, id=96, 2055.68pt x 1199.48125pt>
File: images/ice_core.jpg Graphic file (type jpg)
<use images/ice_core.jpg>
Package pdftex.def Info: images/ice_core.jpg  used on input line 251.
(pdftex.def)             Requested size: 455.24408pt x 265.62544pt.

[6













 <./images/ice_core.jpg>]
<images/BAMS_SOTC_2019_co2_paleo_1000px.jpg, id=105, 1003.75pt x 564.1075pt>
File: images/BAMS_SOTC_2019_co2_paleo_1000px.jpg Graphic file (type jpg)
<use images/BAMS_SOTC_2019_co2_paleo_1000px.jpg>
Package pdftex.def Info: images/BAMS_SOTC_2019_co2_paleo_1000px.jpg  used on in
put line 264.
(pdftex.def)             Requested size: 455.24408pt x 255.8516pt.
<images/September_CC2020.png, id=106, 989.6975pt x 557.08125pt>
File: images/September_CC2020.png Graphic file (type png)
<use images/September_CC2020.png>
Package pdftex.def Info: images/September_CC2020.png  used on input line 277.
(pdftex.def)             Requested size: 455.24408pt x 256.24348pt.
<images/hurricane.jpg, id=107, 192.72pt x 108.405pt>
File: images/hurricane.jpg Graphic file (type jpg)
<use images/hurricane.jpg>
Package pdftex.def Info: images/hurricane.jpg  used on input line 293.
(pdftex.def)             Requested size: 455.24408pt x 256.07506pt.
 [7










 <./images/hurricane.jpg>]
<images/tornado_hf.jpg, id=117, 1204.5pt x 677.53125pt>
File: images/tornado_hf.jpg Graphic file (type jpg)
<use images/tornado_hf.jpg>
Package pdftex.def Info: images/tornado_hf.jpg  used on input line 307.
(pdftex.def)             Requested size: 455.24408pt x 256.07921pt.
 [8




 <./images/tornado_hf.jpg>]
<images/drought_pjw.jpg, id=126, 803.0pt x 451.6875pt>
File: images/drought_pjw.jpg Graphic file (type jpg)
<use images/drought_pjw.jpg>
Package pdftex.def Info: images/drought_pjw.jpg  used on input line 323.
(pdftex.def)             Requested size: 455.24408pt x 256.07921pt.
 [9




 <./images/drought_pjw.jpg>]
<images/fires_CALFIRE.png, id=135, 1371.1225pt x 770.88pt>
File: images/fires_CALFIRE.png Graphic file (type png)
<use images/fires_CALFIRE.png>
Package pdftex.def Info: images/fires_CALFIRE.png  used on input line 339.
(pdftex.def)             Requested size: 455.24408pt x 255.94386pt.
 [10




 <./images/fires_CALFIRE.png>]
<images/fires_CAcranston.jpg, id=144, 1907.125pt x 1270.7475pt>
File: images/fires_CAcranston.jpg Graphic file (type jpg)
<use images/fires_CAcranston.jpg>
Package pdftex.def Info: images/fires_CAcranston.jpg  used on input line 354.
(pdftex.def)             Requested size: 455.24408pt x 303.33748pt.

[11




 <./images/fires_CAcranston.jpg>]
<images/fires_AUS.png, id=153, 1023.825pt x 576.1525pt>
File: images/fires_AUS.png Graphic file (type png)
<use images/fires_AUS.png>
Package pdftex.def Info: images/fires_AUS.png  used on input line 369.
(pdftex.def)             Requested size: 455.24408pt x 256.18045pt.
 [12




 <./images/fires_AUS.png>] (./talk.toc) [13









]
<images/le-mrio.png, id=182, 1284.8pt x 722.7pt>
File: images/le-mrio.png Graphic file (type png)
<use images/le-mrio.png>
Package pdftex.def Info: images/le-mrio.png  used on input line 430.
(pdftex.def)             Requested size: 455.24408pt x 256.06956pt.
<images/le-mrio-1.png, id=183, 1284.8pt x 722.7pt>
File: images/le-mrio-1.png Graphic file (type png)
<use images/le-mrio-1.png>
Package pdftex.def Info: images/le-mrio-1.png  used on input line 443.
(pdftex.def)             Requested size: 455.24408pt x 256.06956pt.
<images/le-mrio-2.png, id=184, 1284.8pt x 722.7pt>
File: images/le-mrio-2.png Graphic file (type png)
<use images/le-mrio-2.png>
Package pdftex.def Info: images/le-mrio-2.png  used on input line 456.
(pdftex.def)             Requested size: 455.24408pt x 256.06956pt.
<images/le-mrio-3.png, id=185, 1284.8pt x 722.7pt>
File: images/le-mrio-3.png Graphic file (type png)
<use images/le-mrio-3.png>
Package pdftex.def Info: images/le-mrio-3.png  used on input line 471.
(pdftex.def)             Requested size: 455.24408pt x 256.06956pt.
<images/le-mrio-4.png, id=186, 1284.8pt x 722.7pt>
File: images/le-mrio-4.png Graphic file (type png)
<use images/le-mrio-4.png>
Package pdftex.def Info: images/le-mrio-4.png  used on input line 486.
(pdftex.def)             Requested size: 455.24408pt x 256.06956pt.
<images/le-mrio-5.png, id=187, 1284.8pt x 722.7pt>
File: images/le-mrio-5.png Graphic file (type png)
<use images/le-mrio-5.png>
Package pdftex.def Info: images/le-mrio-5.png  used on input line 501.
(pdftex.def)             Requested size: 455.24408pt x 256.06956pt.
<images/le-mrio-6.png, id=188, 1284.8pt x 722.7pt>
File: images/le-mrio-6.png Graphic file (type png)
<use images/le-mrio-6.png>
Package pdftex.def Info: images/le-mrio-6.png  used on input line 516.
(pdftex.def)             Requested size: 455.24408pt x 256.06956pt.
<images/le-mrio-7.png, id=189, 1284.8pt x 722.7pt>
File: images/le-mrio-7.png Graphic file (type png)
<use images/le-mrio-7.png>
Package pdftex.def Info: images/le-mrio-7.png  used on input line 531.
(pdftex.def)             Requested size: 455.24408pt x 256.06956pt.
<images/le-mrio-8.png, id=190, 1284.8pt x 722.7pt>
File: images/le-mrio-8.png Graphic file (type png)
<use images/le-mrio-8.png>
Package pdftex.def Info: images/le-mrio-8.png  used on input line 544.
(pdftex.def)             Requested size: 455.24408pt x 256.06956pt.
<images/le-mrio-9.png, id=191, 1284.8pt x 722.7pt>
File: images/le-mrio-9.png Graphic file (type png)
<use images/le-mrio-9.png>
Package pdftex.def Info: images/le-mrio-9.png  used on input line 557.
(pdftex.def)             Requested size: 455.24408pt x 256.06956pt.
<images/le-mrio-form.png, id=192, 1284.8pt x 722.7pt>
File: images/le-mrio-form.png Graphic file (type png)
<use images/le-mrio-form.png>
Package pdftex.def Info: images/le-mrio-form.png  used on input line 649.
(pdftex.def)             Requested size: 455.24408pt x 256.06956pt.
<images/regionalize1.png, id=193, 1284.8pt x 722.7pt>
File: images/regionalize1.png Graphic file (type png)
<use images/regionalize1.png>
Package pdftex.def Info: images/regionalize1.png  used on input line 668.
(pdftex.def)             Requested size: 455.24408pt x 256.06956pt.
<images/regionalize2.png, id=194, 1284.8pt x 722.7pt>
File: images/regionalize2.png Graphic file (type png)
<use images/regionalize2.png>
Package pdftex.def Info: images/regionalize2.png  used on input line 681.
(pdftex.def)             Requested size: 455.24408pt x 256.06956pt.
<images/regionalize3.png, id=195, 1284.8pt x 722.7pt>
File: images/regionalize3.png Graphic file (type png)
<use images/regionalize3.png>
Package pdftex.def Info: images/regionalize3.png  used on input line 694.
(pdftex.def)             Requested size: 455.24408pt x 256.06956pt.
<images/regionalize4.png, id=196, 1284.8pt x 722.7pt>
File: images/regionalize4.png Graphic file (type png)
<use images/regionalize4.png>
Package pdftex.def Info: images/regionalize4.png  used on input line 707.
(pdftex.def)             Requested size: 455.24408pt x 256.06956pt.
File: images/le-mrio-form.png Graphic file (type png)
<use images/le-mrio-form.png>
Package pdftex.def Info: images/le-mrio-form.png  used on input line 720.
(pdftex.def)             Requested size: 455.24408pt x 256.06956pt.
<images/lemrio_rs.png, id=197, 1284.8pt x 722.7pt>
File: images/lemrio_rs.png Graphic file (type png)
<use images/lemrio_rs.png>
Package pdftex.def Info: images/lemrio_rs.png  used on input line 735.
(pdftex.def)             Requested size: 455.24408pt x 256.06956pt.
<images/Wu_2018_Table1.png, id=198, 1371.1225pt x 770.88pt>
File: images/Wu_2018_Table1.png Graphic file (type png)
<use images/Wu_2018_Table1.png>
Package pdftex.def Info: images/Wu_2018_Table1.png  used on input line 754.
(pdftex.def)             Requested size: 455.24408pt x 255.94386pt.
 [14



















































































 <./images/Wu_2018_Table1.png>]
<images/Tian_2019_Fig3_inset_inset.png, id=217, 700.6175pt x 525.965pt>
File: images/Tian_2019_Fig3_inset_inset.png Graphic file (type png)
<use images/Tian_2019_Fig3_inset_inset.png>
Package pdftex.def Info: images/Tian_2019_Fig3_inset_inset.png  used on input l
ine 795.
(pdftex.def)             Requested size: 79.66649pt x 59.80653pt.
<images/Tian_2019_Fig3_inset.png, id=218, 320.19624pt x 721.69624pt>
File: images/Tian_2019_Fig3_inset.png Graphic file (type png)
<use images/Tian_2019_Fig3_inset.png>
Package pdftex.def Info: images/Tian_2019_Fig3_inset.png  used on input line 80
3.
(pdftex.def)             Requested size: 79.66649pt x 179.55365pt.
<images/Tian_2019_Fig3.png, id=219, 1371.1225pt x 770.88pt>
File: images/Tian_2019_Fig3.png Graphic file (type png)
<use images/Tian_2019_Fig3.png>
Package pdftex.def Info: images/Tian_2019_Fig3.png  used on input line 810.
(pdftex.def)             Requested size: 398.3386pt x 223.9494pt.

Overfull \vbox (10.88399pt too high) detected at line 810
 []

<images/Tian_2019_Fig1.png, id=220, 1371.1225pt x 770.88pt>
File: images/Tian_2019_Fig1.png Graphic file (type png)
<use images/Tian_2019_Fig1.png>
Package pdftex.def Info: images/Tian_2019_Fig1.png  used on input line 822.
(pdftex.def)             Requested size: 455.24408pt x 255.94386pt.
<images/resourcetrade_network.jpeg, id=221, 964.0818pt x 542.025pt>
File: images/resourcetrade_network.jpeg Graphic file (type jpg)
<use images/resourcetrade_network.jpeg>
Package pdftex.def Info: images/resourcetrade_network.jpeg  used on input line 
837.
(pdftex.def)             Requested size: 455.24408pt x 255.95102pt.
<images/comtrade_china_imports_wood.jpeg, id=222, 964.0818pt x 542.025pt>
File: images/comtrade_china_imports_wood.jpeg Graphic file (type jpg)
<use images/comtrade_china_imports_wood.jpeg>
Package pdftex.def Info: images/comtrade_china_imports_wood.jpeg  used on input
 line 854.
(pdftex.def)             Requested size: 455.24408pt x 255.95102pt.

! LaTeX Error: Command \end{enumerate} invalid in math mode.

See the LaTeX manual or LaTeX Companion for explanation.
Type  H <return>  for immediate help.
 ...                                              
                                                  
l.854      \end{frame}
                      
Try typing  <return>  to proceed.
If that doesn't work, type  X <return>  to quit.


! LaTeX Error: Something's wrong--perhaps a missing \item.

See the LaTeX manual or LaTeX Companion for explanation.
Type  H <return>  for immediate help.
 ...                                              
                                                  
l.854      \end{frame}
                      
Try typing  <return>  to proceed.
If that doesn't work, type  X <return>  to quit.


! LaTeX Error: Something's wrong--perhaps a missing \item.

See the LaTeX manual or LaTeX Companion for explanation.
Type  H <return>  for immediate help.
 ...                                              
                                                  
l.854      \end{frame}
                      
Try typing  <return>  to proceed.
If that doesn't work, type  X <return>  to quit.

! Missing $ inserted.
<inserted text> 
                $
l.854      \end{frame}
                      
I've inserted something that you may have forgotten.
(See the <inserted text> above.)
With luck, this will get me unwedged. But if you
really didn't forget anything, try typing `2' now; then
my insertion and my current dilemma will both disappear.

[15




























 <./images/comtrade_china_imports_wood.jpeg>]
<images/annual-change-forest-area.png, id=232, 3412.75pt x 1919.17pt>
File: images/annual-change-forest-area.png Graphic file (type png)
<use images/annual-change-forest-area.png>
Package pdftex.def Info: images/annual-change-forest-area.png  used on input li
ne 873.
(pdftex.def)             Requested size: 455.24408pt x 256.00194pt.
 [16








 <./images/annual-change-forest-area.png>]
<images/net_info_dynamics.PNG, id=242, 720.6925pt x 496.85625pt>
File: images/net_info_dynamics.PNG Graphic file (type png)
<use images/net_info_dynamics.PNG>
Package pdftex.def Info: images/net_info_dynamics.PNG  used on input line 881.
(pdftex.def)             Requested size: 455.24408pt x 313.84746pt.

Overfull \hbox (56.90549pt too wide) in paragraph at lines 881--881
[][]  
 []


Overfull \vbox (92.78204pt too high) detected at line 881
 []

<images/cn_for_yu/IMG_0226.PNG, id=243, 642.4pt x 1140.26pt>
File: images/cn_for_yu/IMG_0226.PNG Graphic file (type png)
<use images/cn_for_yu/IMG_0226.PNG>
Package pdftex.def Info: images/cn_for_yu/IMG_0226.PNG  used on input line 910.

(pdftex.def)             Requested size: 455.24408pt x 808.07657pt.
[17













 <./images/cn_for_yu/IMG_0226.PNG>]
<images/cn_for_yu/IMG_0227.PNG, id=252, 642.4pt x 1140.26pt>
File: images/cn_for_yu/IMG_0227.PNG Graphic file (type png)
<use images/cn_for_yu/IMG_0227.PNG>
Package pdftex.def Info: images/cn_for_yu/IMG_0227.PNG  used on input line 926.

(pdftex.def)             Requested size: 455.24408pt x 808.07657pt.
<images/cn_for_yu/IMG_0231.JPG, id=253, 1445.4pt x 1084.05pt>
File: images/cn_for_yu/IMG_0231.JPG Graphic file (type jpg)
<use images/cn_for_yu/IMG_0231.JPG>
Package pdftex.def Info: images/cn_for_yu/IMG_0231.JPG  used on input line 944.

(pdftex.def)             Requested size: 455.24408pt x 341.42793pt.
 [18







 <./images/cn_for_yu/IMG_0231.JPG>]
<images/cn_for_yu/IMG_0232.JPG, id=262, 1445.4pt x 1084.05pt>
File: images/cn_for_yu/IMG_0232.JPG Graphic file (type jpg)
<use images/cn_for_yu/IMG_0232.JPG>
Package pdftex.def Info: images/cn_for_yu/IMG_0232.JPG  used on input line 960.

(pdftex.def)             Requested size: 455.24408pt x 341.42793pt.

[19




 <./images/cn_for_yu/IMG_0232.JPG>]
<images/cn_for_yu/IMG_0233.JPG, id=272, 1445.4pt x 1084.05pt>
File: images/cn_for_yu/IMG_0233.JPG Graphic file (type jpg)
<use images/cn_for_yu/IMG_0233.JPG>
Package pdftex.def Info: images/cn_for_yu/IMG_0233.JPG  used on input line 976.

(pdftex.def)             Requested size: 455.24408pt x 341.42793pt.
 [20




 <./images/cn_for_yu/IMG_0233.JPG>]
<images/cn_for_yu/IMG_0234.JPG, id=281, 1445.4pt x 1084.05pt>
File: images/cn_for_yu/IMG_0234.JPG Graphic file (type jpg)
<use images/cn_for_yu/IMG_0234.JPG>
Package pdftex.def Info: images/cn_for_yu/IMG_0234.JPG  used on input line 992.

(pdftex.def)             Requested size: 455.24408pt x 341.42793pt.

[21




 <./images/cn_for_yu/IMG_0234.JPG>]
<images/cn_for_yu/IMG_0235.JPG, id=290, 1445.4pt x 1084.05pt>
File: images/cn_for_yu/IMG_0235.JPG Graphic file (type jpg)
<use images/cn_for_yu/IMG_0235.JPG>
Package pdftex.def Info: images/cn_for_yu/IMG_0235.JPG  used on input line 1008
.
(pdftex.def)             Requested size: 455.24408pt x 341.42793pt.
 [22




 <./images/cn_for_yu/IMG_0235.JPG>]
<images/cn_for_yu/IMG_0236.JPG, id=299, 1445.4pt x 1084.05pt>
File: images/cn_for_yu/IMG_0236.JPG Graphic file (type jpg)
<use images/cn_for_yu/IMG_0236.JPG>
Package pdftex.def Info: images/cn_for_yu/IMG_0236.JPG  used on input line 1024
.
(pdftex.def)             Requested size: 455.24408pt x 341.42793pt.

[23




 <./images/cn_for_yu/IMG_0236.JPG>]
<images/cn_for_yu/IMG_0237.JPG, id=308, 1084.05pt x 1445.4pt>
File: images/cn_for_yu/IMG_0237.JPG Graphic file (type jpg)
<use images/cn_for_yu/IMG_0237.JPG>
Package pdftex.def Info: images/cn_for_yu/IMG_0237.JPG  used on input line 1040
.
(pdftex.def)             Requested size: 455.24408pt x 606.99771pt.
 [24




 <./images/cn_for_yu/IMG_0237.JPG>]
<images/cn_for_yu/IMG_0238.JPG, id=317, 1445.4pt x 1084.05pt>
File: images/cn_for_yu/IMG_0238.JPG Graphic file (type jpg)
<use images/cn_for_yu/IMG_0238.JPG>
Package pdftex.def Info: images/cn_for_yu/IMG_0238.JPG  used on input line 1056
.
(pdftex.def)             Requested size: 455.24408pt x 341.42793pt.

[25




 <./images/cn_for_yu/IMG_0238.JPG>]
<images/cn_for_yu/IMG_0239.JPG, id=327, 1445.4pt x 1084.05pt>
File: images/cn_for_yu/IMG_0239.JPG Graphic file (type jpg)
<use images/cn_for_yu/IMG_0239.JPG>
Package pdftex.def Info: images/cn_for_yu/IMG_0239.JPG  used on input line 1072
.
(pdftex.def)             Requested size: 455.24408pt x 341.42793pt.
 [26




 <./images/cn_for_yu/IMG_0239.JPG>]
<images/cn_for_yu/IMG_0240.JPG, id=336, 1445.4pt x 1084.05pt>
File: images/cn_for_yu/IMG_0240.JPG Graphic file (type jpg)
<use images/cn_for_yu/IMG_0240.JPG>
Package pdftex.def Info: images/cn_for_yu/IMG_0240.JPG  used on input line 1088
.
(pdftex.def)             Requested size: 455.24408pt x 341.42793pt.

[27




 <./images/cn_for_yu/IMG_0240.JPG>]
<images/cn_for_yu/IMG_0241.JPG, id=344, 1445.4pt x 1084.05pt>
File: images/cn_for_yu/IMG_0241.JPG Graphic file (type jpg)
<use images/cn_for_yu/IMG_0241.JPG>
Package pdftex.def Info: images/cn_for_yu/IMG_0241.JPG  used on input line 1104
.
(pdftex.def)             Requested size: 455.24408pt x 341.42793pt.
 [28




 <./images/cn_for_yu/IMG_0241.JPG>]
<images/cn_for_yu/IMG_0242.JPG, id=353, 1445.4pt x 1084.05pt>
File: images/cn_for_yu/IMG_0242.JPG Graphic file (type jpg)
<use images/cn_for_yu/IMG_0242.JPG>
Package pdftex.def Info: images/cn_for_yu/IMG_0242.JPG  used on input line 1120
.
(pdftex.def)             Requested size: 455.24408pt x 341.42793pt.

[29




 <./images/cn_for_yu/IMG_0242.JPG>]
<images/cn_for_yu/IMG_0243.JPG, id=362, 1445.4pt x 1084.05pt>
File: images/cn_for_yu/IMG_0243.JPG Graphic file (type jpg)
<use images/cn_for_yu/IMG_0243.JPG>
Package pdftex.def Info: images/cn_for_yu/IMG_0243.JPG  used on input line 1136
.
(pdftex.def)             Requested size: 455.24408pt x 341.42793pt.
 [30




 <./images/cn_for_yu/IMG_0243.JPG>]
<images/cn_for_yu/IMG_0244.JPG, id=372, 1445.4pt x 1084.05pt>
File: images/cn_for_yu/IMG_0244.JPG Graphic file (type jpg)
<use images/cn_for_yu/IMG_0244.JPG>
Package pdftex.def Info: images/cn_for_yu/IMG_0244.JPG  used on input line 1152
.
(pdftex.def)             Requested size: 455.24408pt x 341.42793pt.

[31




 <./images/cn_for_yu/IMG_0244.JPG>]
<images/cn_for_yu/IMG_0245.JPG, id=382, 1445.4pt x 1084.05pt>
File: images/cn_for_yu/IMG_0245.JPG Graphic file (type jpg)
<use images/cn_for_yu/IMG_0245.JPG>
Package pdftex.def Info: images/cn_for_yu/IMG_0245.JPG  used on input line 1168
.
(pdftex.def)             Requested size: 455.24408pt x 341.42793pt.
 [32




 <./images/cn_for_yu/IMG_0245.JPG>]
<images/cn_for_yu/IMG_0246.JPG, id=391, 1084.05pt x 1445.4pt>
File: images/cn_for_yu/IMG_0246.JPG Graphic file (type jpg)
<use images/cn_for_yu/IMG_0246.JPG>
Package pdftex.def Info: images/cn_for_yu/IMG_0246.JPG  used on input line 1184
.
(pdftex.def)             Requested size: 455.24408pt x 606.99771pt.

[33




 <./images/cn_for_yu/IMG_0246.JPG>]
<images/cn_for_yu/IMG_0247.JPG, id=400, 1084.05pt x 1445.4pt>
File: images/cn_for_yu/IMG_0247.JPG Graphic file (type jpg)
<use images/cn_for_yu/IMG_0247.JPG>
Package pdftex.def Info: images/cn_for_yu/IMG_0247.JPG  used on input line 1200
.
(pdftex.def)             Requested size: 455.24408pt x 606.99771pt.
 [34




 <./images/cn_for_yu/IMG_0247.JPG>]
<images/moran_2020_1.png, id=409, 411.5375pt x 406.51875pt>
File: images/moran_2020_1.png Graphic file (type png)
<use images/moran_2020_1.png>
Package pdftex.def Info: images/moran_2020_1.png  used on input line 1253.
(pdftex.def)             Requested size: 171.2857pt x 169.19836pt.
<images/moran_2020_2.png, id=410, 412.54124pt x 347.2975pt>
File: images/moran_2020_2.png Graphic file (type png)
<use images/moran_2020_2.png>
Package pdftex.def Info: images/moran_2020_2.png  used on input line 1253.
(pdftex.def)             Requested size: 199.1693pt x 167.67067pt.
<images/CNF/IMG_0199.JPG, id=414, 401.5pt x 267.49937pt>
File: images/CNF/IMG_0199.JPG Graphic file (type jpg)
<use images/CNF/IMG_0199.JPG>
Package pdftex.def Info: images/CNF/IMG_0199.JPG  used on input line 1285.
(pdftex.def)             Requested size: 455.24408pt x 303.32791pt.

[35

































 <./images/CNF/IMG_0199.JPG>] (./talk.bbl)
Package atveryend Info: Empty hook `BeforeClearDocument' on input line 1303.
Package atveryend Info: Empty hook `AfterLastShipout' on input line 1303.
Package atveryend Info: Executing hook `AtVeryEndDocument' on input line 1303.
Package atveryend Info: Empty hook `AtEndAfterFileList' on input line 1303.
 ) 
Here is how much of TeX's memory you used:
 21181 strings out of 494485
 419427 string characters out of 6175793
 478005 words of memory out of 5000000
 24232 multiletter control sequences out of 15000+600000
 17535 words of font info for 64 fonts, out of 8000000 for 9000
 59 hyphenation exceptions out of 8191
 56i,9n,55p,811b,694s stack positions out of 5000i,500n,10000p,200000b,80000s
pdfTeX warning (dest): name{Navigation90} has been referenced but does not ex
ist, replaced by a fixed one

pdfTeX warning (dest): name{Navigation89} has been referenced but does not exis
t, replaced by a fixed one

pdfTeX warning (dest): name{Navigation64} has been referenced but does not exis
t, replaced by a fixed one

pdfTeX warning (dest): name{Navigation58} has been referenced but does not exis
t, replaced by a fixed one

pdfTeX warning (dest): name{Navigation96} has been referenced but does not exis
t, replaced by a fixed one

</usr/share/texlive/texmf-dist/fonts/type1/public/amsfonts/cm/cmmi10.pfb></usr/
share/texlive/texmf-dist/fonts/type1/public/amsfonts/cm/cmss10.pfb></usr/share/
texlive/texmf-dist/fonts/type1/public/amsfonts/cm/cmss8.pfb></usr/share/texlive
/texmf-dist/fonts/type1/public/amsfonts/cm/cmss9.pfb></usr/share/texlive/texmf-
dist/fonts/type1/public/amsfonts/cm/cmssbx10.pfb></usr/share/texlive/texmf-dist
/fonts/type1/public/amsfonts/cm/cmsy10.pfb>
Output written on talk.pdf (35 pages, 13723520 bytes).
PDF statistics:
 468 PDF objects out of 1000 (max. 8388607)
 295 compressed objects within 3 object streams
 82 named destinations out of 1000 (max. 500000)
 431 words of extra memory for PDF output out of 10000 (max. 10000000)

